<?xml version="1.0" encoding="UTF-8"?>
<!-- Generated by org.testng.reporters.JUnitXMLReporter -->
<testsuite hostname="RUSHIT" name="PersonalLoan" tests="18" failures="0" timestamp="11 Jun 2019 17:42:45 GMT" time="0.151" errors="0">
  <testcase name="FacebookLoginTestCase" time="0.013" classname="test.FifthTest"/>
  <testcase name="FacebookTestCase" time="0.002" classname="test.FifthTest"/>
  <testcase name="SecondTestCase" time="0.002" classname="test.FifthTest"/>
  <testcase name="ThirdTestCase" time="0.002" classname="test.FifthTest"/>
  <testcase name="FirtTestCase" time="0.003" classname="test.FirstTest"/>
  <testcase name="FourthTestCase" time="0.002" classname="test.FirstTest"/>
  <testcase name="SecondTestCase" time="0.004" classname="test.FirstTest"/>
  <testcase name="ThirdTestCase" time="0.002" classname="test.FirstTest"/>
  <testcase name="FirtTestCase" time="0.002" classname="test.FourthTest"/>
  <testcase name="SecondTestCase" time="0.002" classname="test.FourthTest"/>
  <testcase name="SixthTestCase" time="0.002" classname="test.FourthTest"/>
  <testcase name="FirtTestCase" time="0.001" classname="test.SecondTest"/>
  <testcase name="SecondTestCase" time="0.003" classname="test.SecondTest"/>
  <testcase name="SevenTestCase" time="0.001" classname="test.SecondTest"/>
  <testcase name="FirtTestCase" time="0.001" classname="test.ThirdTest"/>
  <testcase name="SecondTestCase" time="0.002" classname="test.ThirdTest"/>
  <testcase name="SixthTestCase" time="0.001" classname="test.ThirdTest"/>
  <testcase name="ThirdTestCase" time="0.002" classname="test.ThirdTest"/>
</testsuite> <!-- PersonalLoan -->
