<?xml version="1.0" encoding="UTF-8"?>
<!-- Generated by org.testng.reporters.JUnitXMLReporter -->
<testsuite hostname="RUSHIT" name="RegressionTesting" tests="5" failures="0" timestamp="29 May 2019 21:48:37 GMT" time="0.084" errors="0">
  <testcase name="FourthTestCase" time="0.024" classname="test.FirstTest"/>
  <testcase name="SevenTestCase" time="0.004" classname="test.SecondTest"/>
  <testcase name="SixthTestCase" time="0.0" classname="test.ThirdTest"/>
  <testcase name="SixthTestCase" time="0.004" classname="test.FourthTest"/>
  <testcase name="ThirdTestCase" time="0.0" classname="test.FifthTest"/>
</testsuite> <!-- RegressionTesting -->
