<?xml version="1.0" encoding="UTF-8"?>
<!-- Generated by org.testng.reporters.JUnitXMLReporter -->
<testsuite hostname="RUSHIT" name="Test" tests="7" failures="1" timestamp="15 Jun 2019 00:09:10 GMT" time="122.697" errors="0">
  <testcase name="FacebookVerifyTitle" time="16.843" classname="test.Nine">
    <failure type="java.lang.AssertionError" message="expected [Facebook - Log In or Sign Up] but found [Log into Facebook | Facebook]">
      <![CDATA[java.lang.AssertionError: expected [Facebook - Log In or Sign Up] but found [Log into Facebook | Facebook]
	at test.Nine.FacebookVerifyTitle(Nine.java:83)
	at java.util.concurrent.ThreadPoolExecutor.runWorker(Unknown Source)
	at java.util.concurrent.ThreadPoolExecutor$Worker.run(Unknown Source)
	at java.lang.Thread.run(Unknown Source)
... Removed 16 stack frames]]>
    </failure>
  </testcase> <!-- FacebookVerifyTitle -->
  <testcase name="MyPortfolioVerifyTitle" time="16.004" classname="test.Nine"/>
  <testcase name="FacebookLogIN" time="50.433" classname="test.Seven"/>
  <testcase name="FacebookLogIN" time="25.288" classname="test.Seven"/>
  <testcase name="FacebookLogIN" time="22.544" classname="test.Seven"/>
  <testcase name="FacebookVerifyTitle" time="12.081" classname="test.Seven"/>
  <testcase name="MyPortfolioVerifyTitle" time="12.268" classname="test.Seven"/>
</testsuite> <!-- Test -->
